<?xml version="1.0" encoding="UTF-8"?>
<!-- Generated by org.testng.reporters.JUnitReportReporter -->
<testsuite hostname="DESKTOP-HII232I" failures="0" tests="1" name="Lume_MainPage.MainPage_Lume" time="314.271" errors="0" timestamp="2024-06-06T17:17:37 IST" skipped="0">
  <testcase classname="Lume_MainPage.MainPage_Lume" name="mainExecution" time="314.271"/>
  <system-out/>
</testsuite> <!-- Lume_MainPage.MainPage_Lume -->
